<?xml version="1.0" encoding="UTF-8"?>
<testng-results ignored="0" total="1" passed="1" failed="0" skipped="0">
  <reporter-output>
  </reporter-output>
  <suite started-at="2024-12-05T23:49:20 IST" name="Default suite" finished-at="2024-12-05T23:49:20 IST" duration-ms="126">
    <groups>
    </groups>
    <test started-at="2024-12-05T23:49:20 IST" name="Default test" finished-at="2024-12-05T23:49:20 IST" duration-ms="126">
      <class name="TestNGTEst.TestNGBasic">
        <test-method is-config="true" signature="setup()[pri:0, instance:TestNGTEst.TestNGBasic@368f2016]" started-at="2024-12-05T23:49:20 IST" name="setup" finished-at="2024-12-05T23:49:20 IST" duration-ms="14" status="PASS">
          <reporter-output>
          </reporter-output>
        </test-method> <!-- setup -->
        <test-method signature="test1()[pri:0, instance:TestNGTEst.TestNGBasic@368f2016]" started-at="2024-12-05T23:49:20 IST" name="test1" finished-at="2024-12-05T23:49:20 IST" duration-ms="24" status="PASS">
          <reporter-output>
          </reporter-output>
        </test-method> <!-- test1 -->
        <test-method is-config="true" signature="teardown()[pri:0, instance:TestNGTEst.TestNGBasic@368f2016]" started-at="2024-12-05T23:49:20 IST" name="teardown" finished-at="2024-12-05T23:49:20 IST" duration-ms="1" status="PASS">
          <reporter-output>
          </reporter-output>
        </test-method> <!-- teardown -->
      </class> <!-- TestNGTEst.TestNGBasic -->
    </test> <!-- Default test -->
  </suite> <!-- Default suite -->
</testng-results>
